0 info it worked if it ends with ok
1 verbose cli [ 'C:\\Program Files\\nodejs\\\\node.exe',
1 verbose cli   'C:\\Program Files\\nodejs\\node_modules\\npm\\bin\\npm-cli.js',
1 verbose cli   'install' ]
2 info using npm@1.4.28
3 info using node@v0.10.36
4 verbose node symlink C:\Program Files\nodejs\\node.exe
5 warn package.json denuncialegal@0.0.0 No repository field.
6 verbose readDependencies using package.json deps
7 verbose install where, deps [ 'C:\\Users\\dformiga\\Documents\\jhipster',
7 verbose install   [ 'grunt',
7 verbose install     'grunt-autoprefixer',
7 verbose install     'grunt-build-control',
7 verbose install     'grunt-wiredep',
7 verbose install     'grunt-cli',
7 verbose install     'grunt-contrib-copy',
7 verbose install     'grunt-concurrent',
7 verbose install     'grunt-connect-proxy',
7 verbose install     'grunt-contrib-clean',
7 verbose install     'grunt-contrib-concat',
7 verbose install     'grunt-contrib-connect',
7 verbose install     'grunt-contrib-cssmin',
7 verbose install     'grunt-contrib-htmlmin',
7 verbose install     'grunt-contrib-imagemin',
7 verbose install     'grunt-contrib-jshint',
7 verbose install     'grunt-contrib-uglify',
7 verbose install     'grunt-contrib-watch',
7 verbose install     'grunt-modernizr',
7 verbose install     'grunt-ng-annotate',
7 verbose install     'grunt-ng-constant',
7 verbose install     'grunt-rev',
7 verbose install     'grunt-svgmin',
7 verbose install     'grunt-text-replace',
7 verbose install     'grunt-usemin',
7 verbose install     'grunt-angular-templates',
7 verbose install     'load-grunt-tasks',
7 verbose install     'grunt-karma',
7 verbose install     'time-grunt',
7 verbose install     'event-stream',
7 verbose install     'jshint-stylish',
7 verbose install     'karma-script-launcher',
7 verbose install     'karma-chrome-launcher',
7 verbose install     'karma-html2js-preprocessor',
7 verbose install     'karma-jasmine',
7 verbose install     'karma-requirejs',
7 verbose install     'karma-phantomjs-launcher',
7 verbose install     'karma',
7 verbose install     'bower',
7 verbose install     'generator-jhipster',
7 verbose install     'lodash',
7 verbose install     'xml2js',
7 verbose install     'zeparser',
7 verbose install     'wiredep' ] ]
8 info preinstall denuncialegal@0.0.0
9 verbose readDependencies using package.json deps
10 verbose already installed skipping grunt@0.4.5 C:\Users\dformiga\Documents\jhipster
11 verbose already installed skipping grunt-autoprefixer@2.2.0 C:\Users\dformiga\Documents\jhipster
12 verbose already installed skipping grunt-build-control@0.2.2 C:\Users\dformiga\Documents\jhipster
13 verbose already installed skipping grunt-wiredep@2.0.0 C:\Users\dformiga\Documents\jhipster
14 verbose already installed skipping grunt-cli@0.1.13 C:\Users\dformiga\Documents\jhipster
15 verbose already installed skipping grunt-contrib-copy@0.7.0 C:\Users\dformiga\Documents\jhipster
16 verbose already installed skipping grunt-concurrent@1.0.0 C:\Users\dformiga\Documents\jhipster
17 verbose already installed skipping grunt-connect-proxy@0.1.10 C:\Users\dformiga\Documents\jhipster
18 verbose already installed skipping grunt-contrib-clean@0.6.0 C:\Users\dformiga\Documents\jhipster
19 verbose already installed skipping grunt-contrib-concat@0.5.0 C:\Users\dformiga\Documents\jhipster
20 verbose already installed skipping grunt-contrib-connect@0.9.0 C:\Users\dformiga\Documents\jhipster
21 verbose already installed skipping grunt-contrib-cssmin@0.11.0 C:\Users\dformiga\Documents\jhipster
22 verbose already installed skipping grunt-contrib-htmlmin@0.3.0 C:\Users\dformiga\Documents\jhipster
23 verbose already installed skipping grunt-contrib-imagemin@0.9.2 C:\Users\dformiga\Documents\jhipster
24 verbose already installed skipping grunt-contrib-jshint@0.10.0 C:\Users\dformiga\Documents\jhipster
25 verbose already installed skipping grunt-contrib-uglify@0.7.0 C:\Users\dformiga\Documents\jhipster
26 verbose already installed skipping grunt-contrib-watch@0.6.1 C:\Users\dformiga\Documents\jhipster
27 verbose already installed skipping grunt-modernizr@0.6.0 C:\Users\dformiga\Documents\jhipster
28 verbose already installed skipping grunt-ng-annotate@0.9.2 C:\Users\dformiga\Documents\jhipster
29 verbose already installed skipping grunt-ng-constant@1.0.0 C:\Users\dformiga\Documents\jhipster
30 verbose already installed skipping grunt-rev@0.1.0 C:\Users\dformiga\Documents\jhipster
31 verbose already installed skipping grunt-svgmin@2.0.0 C:\Users\dformiga\Documents\jhipster
32 verbose already installed skipping grunt-text-replace@0.4.0 C:\Users\dformiga\Documents\jhipster
33 verbose already installed skipping grunt-usemin@3.0.0 C:\Users\dformiga\Documents\jhipster
34 verbose already installed skipping grunt-angular-templates@0.5.7 C:\Users\dformiga\Documents\jhipster
35 verbose already installed skipping load-grunt-tasks@2.0.0 C:\Users\dformiga\Documents\jhipster
36 verbose already installed skipping grunt-karma@0.10.1 C:\Users\dformiga\Documents\jhipster
37 verbose already installed skipping time-grunt@1.0.0 C:\Users\dformiga\Documents\jhipster
38 verbose already installed skipping event-stream@3.2.1 C:\Users\dformiga\Documents\jhipster
39 verbose already installed skipping jshint-stylish@1.0.0 C:\Users\dformiga\Documents\jhipster
40 verbose already installed skipping karma-script-launcher@0.1.0 C:\Users\dformiga\Documents\jhipster
41 verbose already installed skipping karma-chrome-launcher@0.1.7 C:\Users\dformiga\Documents\jhipster
42 verbose already installed skipping karma-html2js-preprocessor@0.1.0 C:\Users\dformiga\Documents\jhipster
43 verbose already installed skipping karma-jasmine@0.3.5 C:\Users\dformiga\Documents\jhipster
44 verbose already installed skipping karma-requirejs@0.2.2 C:\Users\dformiga\Documents\jhipster
45 verbose already installed skipping karma-phantomjs-launcher@0.1.4 C:\Users\dformiga\Documents\jhipster
46 verbose already installed skipping karma@0.12.31 C:\Users\dformiga\Documents\jhipster
47 verbose already installed skipping bower@1.3.12 C:\Users\dformiga\Documents\jhipster
48 verbose already installed skipping generator-jhipster@2.1.1 C:\Users\dformiga\Documents\jhipster
49 verbose already installed skipping lodash@2.4.1 C:\Users\dformiga\Documents\jhipster
50 verbose already installed skipping xml2js@0.4.4 C:\Users\dformiga\Documents\jhipster
51 verbose already installed skipping zeparser@0.0.7 C:\Users\dformiga\Documents\jhipster
52 verbose already installed skipping wiredep@2.2.2 C:\Users\dformiga\Documents\jhipster
53 silly resolved []
54 info build C:\Users\dformiga\Documents\jhipster
55 verbose linkStuff [ false, false, false, 'C:\\Users\\dformiga\\Documents' ]
56 info linkStuff denuncialegal@0.0.0
57 verbose linkBins denuncialegal@0.0.0
58 verbose linkMans denuncialegal@0.0.0
59 verbose rebuildBundles denuncialegal@0.0.0
60 verbose rebuildBundles [ '.bin',
60 verbose rebuildBundles   'bower',
60 verbose rebuildBundles   'event-stream',
60 verbose rebuildBundles   'generator-jhipster',
60 verbose rebuildBundles   'grunt',
60 verbose rebuildBundles   'grunt-angular-templates',
60 verbose rebuildBundles   'grunt-autoprefixer',
60 verbose rebuildBundles   'grunt-build-control',
60 verbose rebuildBundles   'grunt-cli',
60 verbose rebuildBundles   'grunt-concurrent',
60 verbose rebuildBundles   'grunt-connect-proxy',
60 verbose rebuildBundles   'grunt-contrib-clean',
60 verbose rebuildBundles   'grunt-contrib-concat',
60 verbose rebuildBundles   'grunt-contrib-connect',
60 verbose rebuildBundles   'grunt-contrib-copy',
60 verbose rebuildBundles   'grunt-contrib-cssmin',
60 verbose rebuildBundles   'grunt-contrib-htmlmin',
60 verbose rebuildBundles   'grunt-contrib-imagemin',
60 verbose rebuildBundles   'grunt-contrib-jshint',
60 verbose rebuildBundles   'grunt-contrib-uglify',
60 verbose rebuildBundles   'grunt-contrib-watch',
60 verbose rebuildBundles   'grunt-karma',
60 verbose rebuildBundles   'grunt-modernizr',
60 verbose rebuildBundles   'grunt-ng-annotate',
60 verbose rebuildBundles   'grunt-ng-constant',
60 verbose rebuildBundles   'grunt-rev',
60 verbose rebuildBundles   'grunt-svgmin',
60 verbose rebuildBundles   'grunt-text-replace',
60 verbose rebuildBundles   'grunt-usemin',
60 verbose rebuildBundles   'grunt-wiredep',
60 verbose rebuildBundles   'jshint-stylish',
60 verbose rebuildBundles   'karma',
60 verbose rebuildBundles   'karma-chrome-launcher',
60 verbose rebuildBundles   'karma-html2js-preprocessor',
60 verbose rebuildBundles   'karma-jasmine',
60 verbose rebuildBundles   'karma-phantomjs-launcher',
60 verbose rebuildBundles   'karma-requirejs',
60 verbose rebuildBundles   'karma-script-launcher',
60 verbose rebuildBundles   'load-grunt-tasks',
60 verbose rebuildBundles   'lodash',
60 verbose rebuildBundles   'time-grunt',
60 verbose rebuildBundles   'wiredep',
60 verbose rebuildBundles   'xml2js',
60 verbose rebuildBundles   'yo',
60 verbose rebuildBundles   'zeparser' ]
61 verbose rebuild bundle C:\Users\dformiga\Documents\jhipster\node_modules\yo
62 info build C:\Users\dformiga\Documents\jhipster\node_modules\yo
63 info preinstall yo@1.3.3
64 verbose linkStuff [ false,
64 verbose linkStuff   false,
64 verbose linkStuff   false,
64 verbose linkStuff   'C:\\Users\\dformiga\\Documents\\jhipster\\node_modules' ]
65 info linkStuff yo@1.3.3
66 warn prefer global yo@1.3.3 should be installed with -g
67 verbose linkBins yo@1.3.3
68 verbose link bins [ { yo: 'cli.js' },
68 verbose link bins   'C:\\Users\\dformiga\\Documents\\jhipster\\node_modules\\.bin',
68 verbose link bins   false ]
69 verbose linkMans yo@1.3.3
70 verbose rebuildBundles yo@1.3.3
71 verbose rebuildBundles [ '.bin',
71 verbose rebuildBundles   'async',
71 verbose rebuildBundles   'chalk',
71 verbose rebuildBundles   'configstore',
71 verbose rebuildBundles   'findup',
71 verbose rebuildBundles   'fullname',
71 verbose rebuildBundles   'insight',
71 verbose rebuildBundles   'is-root',
71 verbose rebuildBundles   'multiline',
71 verbose rebuildBundles   'nopt',
71 verbose rebuildBundles   'opn',
71 verbose rebuildBundles   'shelljs',
71 verbose rebuildBundles   'string-length',
71 verbose rebuildBundles   'sudo-block',
71 verbose rebuildBundles   'underscore.string',
71 verbose rebuildBundles   'update-notifier',
71 verbose rebuildBundles   'yeoman-character',
71 verbose rebuildBundles   'yeoman-doctor',
71 verbose rebuildBundles   'yeoman-environment',
71 verbose rebuildBundles   'yeoman-generator',
71 verbose rebuildBundles   'yosay' ]
72 info install yo@1.3.3
73 info postinstall yo@1.3.3
74 verbose unsafe-perm in lifecycle true
75 info yo@1.3.3 Failed to exec postinstall script
76 error yo@1.3.3 postinstall: `yodoctor`
76 error Exit status 1
77 error Failed at the yo@1.3.3 postinstall script.
77 error This is most likely a problem with the yo package,
77 error not with npm itself.
77 error Tell the author that this fails on your system:
77 error     yodoctor
77 error You can get their info via:
77 error     npm owner ls yo
77 error There is likely additional logging output above.
78 error System Windows_NT 6.1.7601
79 error command "C:\\Program Files\\nodejs\\\\node.exe" "C:\\Program Files\\nodejs\\node_modules\\npm\\bin\\npm-cli.js" "install"
80 error cwd C:\Users\dformiga\Documents\jhipster
81 error node -v v0.10.36
82 error npm -v 1.4.28
83 error code ELIFECYCLE
84 verbose exit [ 1, true ]
